2025-09-14 17:57:26 - INFO - Aplikasi dimulai
2025-09-14 17:59:50 - INFO - Login attempt for username: admin
2025-09-14 17:59:50 - INFO - Successful login: admin
2025-09-14 18:00:44 - INFO - Data submitted by user: admin - NIM: 23106050002
2025-09-14 18:07:33 - INFO - Aplikasi dimulai
2025-09-14 18:07:41 - INFO - Application closed by user: None
2025-09-14 18:07:53 - INFO - Application closed by user: admin
2025-09-14 18:08:27 - INFO - Aplikasi dimulai
2025-09-14 18:08:40 - INFO - Login attempt for username: admin
2025-09-14 18:08:40 - INFO - Successful login: admin
2025-09-14 18:09:22 - INFO - User logout: admin
2025-09-14 18:10:18 - INFO - Application closed by user: None
2025-09-14 18:10:20 - INFO - Aplikasi dimulai
2025-09-14 18:12:05 - INFO - Login attempt for username: admin
2025-09-14 18:12:05 - INFO - Successful login: admin
2025-09-14 18:13:44 - INFO - Data biodata berhasil disimpan untuk: fsdafdsafdsaf (asdfasdfadsf)
2025-09-14 18:13:50 - INFO - Data biodata berhasil disimpan untuk: fsdafdsafdsaf (asdfasdfadsf)
2025-09-14 18:14:50 - INFO - Aplikasi dimulai
2025-09-14 18:14:51 - INFO - Application closed by user: admin
2025-09-14 18:14:57 - INFO - Login attempt for username: admin
2025-09-14 18:14:57 - INFO - Successful login: admin
2025-09-14 18:15:02 - INFO - Application closed by user: admin
2025-09-14 18:15:18 - INFO - Aplikasi dimulai
2025-09-14 18:15:20 - INFO - Application closed by user: None
2025-09-14 18:17:00 - INFO - Aplikasi dimulai
2025-09-14 18:17:04 - INFO - Application closed by user: None
2025-09-15 07:50:04 - INFO - Aplikasi dimulai
2025-09-15 07:50:12 - INFO - Login attempt for username: admin
2025-09-15 07:50:12 - INFO - Successful login: admin
2025-09-15 07:50:38 - INFO - Data biodata berhasil disimpan untuk: sdjovsdj (wjoipjopevjep)
